<?xml version="1.0" encoding="UTF-8"?>
<!-- Generated by org.testng.reporters.JUnitReportReporter -->
<testsuite hostname="Administrators-MacBook-Pro-2.local" name="com.movie.rest.api.AppTest" tests="2" failures="0" timestamp="7 May 2018 04:17:47 GMT" time="1.068" errors="0">
  <testcase name="Test02" time="0.005" classname="com.movie.rest.api.AppTest"/>
  <testcase name="test001" time="1.063" classname="com.movie.rest.api.AppTest"/>
</testsuite> <!-- com.movie.rest.api.AppTest -->
